[2024-11-08 20:06:28.121 ERR][__main__ <MainThread>] exception raised
Traceback (most recent call last):
  File "/Users/lhb/Documents/pycharmProject/borgwarner/application_detection.py", line 77, in <module>
    main()
  File "/Users/lhb/Documents/pycharmProject/borgwarner/application_detection.py", line 61, in main
    with run_detection_server(args.host, args.port, args.model_path) as (server, port):
  File "/opt/anaconda3/envs/borgwarner/lib/python3.8/contextlib.py", line 113, in __enter__
    return next(self.gen)
  File "/Users/lhb/Documents/pycharmProject/borgwarner/application_detection.py", line 28, in run_detection_server
    boundport = server.add_insecure_port(f"{host}:{port}")
  File "/opt/anaconda3/envs/borgwarner/lib/python3.8/site-packages/grpc/_server.py", line 1473, in add_insecure_port
    return _common.validate_port_binding_result(
  File "/opt/anaconda3/envs/borgwarner/lib/python3.8/site-packages/grpc/_common.py", line 181, in validate_port_binding_result
    raise RuntimeError(_ERROR_MESSAGE_PORT_BINDING_FAILED % address)
RuntimeError: Failed to bind to address 192.168.6.152:7777; set GRPC_VERBOSITY=debug environment variable to see detailed error message.
[2024-11-08 20:07:23.245 INF][__main__ <MainThread>] grpc Server is listening at port :7777
[2024-11-08 20:10:37.136 INF][detection grpc-server <ThreadPoolExecutor-0_0>] gRPC@detect receive request
[2024-11-08 20:10:37.137 INF][detection grpc-server <ThreadPoolExecutor-0_0>] (detect) request time: 1731067837.137084
[2024-11-08 20:10:37.254 INF][detection grpc-server <ThreadPoolExecutor-0_0>] (detect) using 0.11773824691772461s
[2024-11-08 20:10:37.255 INF][detection grpc-server <ThreadPoolExecutor-0_0>] (detect) result: 0
[2024-11-08 20:10:37.260 INF][detection grpc-server <ThreadPoolExecutor-0_0>] gRPC@detect receive request
[2024-11-08 20:10:37.260 INF][detection grpc-server <ThreadPoolExecutor-0_0>] (detect) request time: 1731067837.260819
[2024-11-08 20:10:37.289 INF][detection grpc-server <ThreadPoolExecutor-0_0>] (detect) using 0.02814197540283203s
[2024-11-08 20:10:37.289 INF][detection grpc-server <ThreadPoolExecutor-0_0>] (detect) result: 0
[2024-11-08 20:10:37.290 INF][detection grpc-server <ThreadPoolExecutor-0_0>] gRPC@detect receive request
[2024-11-08 20:10:37.290 INF][detection grpc-server <ThreadPoolExecutor-0_0>] (detect) request time: 1731067837.290465
[2024-11-08 20:10:37.319 INF][detection grpc-server <ThreadPoolExecutor-0_0>] (detect) using 0.028789997100830078s
[2024-11-08 20:10:37.319 INF][detection grpc-server <ThreadPoolExecutor-0_0>] (detect) result: 0
[2024-11-08 20:10:37.320 INF][detection grpc-server <ThreadPoolExecutor-0_0>] gRPC@detect receive request
[2024-11-08 20:10:37.320 INF][detection grpc-server <ThreadPoolExecutor-0_0>] (detect) request time: 1731067837.320671
[2024-11-08 20:10:37.350 INF][detection grpc-server <ThreadPoolExecutor-0_0>] (detect) using 0.03023529052734375s
[2024-11-08 20:10:37.351 INF][detection grpc-server <ThreadPoolExecutor-0_0>] (detect) result: 0
[2024-11-08 20:10:37.352 INF][detection grpc-server <ThreadPoolExecutor-0_0>] gRPC@detect receive request
[2024-11-08 20:10:37.352 INF][detection grpc-server <ThreadPoolExecutor-0_0>] (detect) request time: 1731067837.3523781
[2024-11-08 20:10:37.380 INF][detection grpc-server <ThreadPoolExecutor-0_0>] (detect) using 0.028463125228881836s
[2024-11-08 20:10:37.380 INF][detection grpc-server <ThreadPoolExecutor-0_0>] (detect) result: 0
[2024-11-08 20:10:37.382 INF][detection grpc-server <ThreadPoolExecutor-0_0>] gRPC@detect receive request
[2024-11-08 20:10:37.382 INF][detection grpc-server <ThreadPoolExecutor-0_0>] (detect) request time: 1731067837.382247
[2024-11-08 20:10:37.411 INF][detection grpc-server <ThreadPoolExecutor-0_0>] (detect) using 0.029111862182617188s
[2024-11-08 20:10:37.411 INF][detection grpc-server <ThreadPoolExecutor-0_0>] (detect) result: 0
[2024-11-08 20:10:37.412 INF][detection grpc-server <ThreadPoolExecutor-0_0>] gRPC@detect receive request
[2024-11-08 20:10:37.412 INF][detection grpc-server <ThreadPoolExecutor-0_0>] (detect) request time: 1731067837.412672
[2024-11-08 20:10:37.441 INF][detection grpc-server <ThreadPoolExecutor-0_0>] (detect) using 0.028334856033325195s
[2024-11-08 20:10:37.441 INF][detection grpc-server <ThreadPoolExecutor-0_0>] (detect) result: 0
[2024-11-08 20:10:37.442 INF][detection grpc-server <ThreadPoolExecutor-0_0>] gRPC@detect receive request
[2024-11-08 20:10:37.442 INF][detection grpc-server <ThreadPoolExecutor-0_0>] (detect) request time: 1731067837.4424279
[2024-11-08 20:10:37.471 INF][detection grpc-server <ThreadPoolExecutor-0_0>] (detect) using 0.029252052307128906s
[2024-11-08 20:10:37.471 INF][detection grpc-server <ThreadPoolExecutor-0_0>] (detect) result: 0
[2024-11-08 20:10:37.473 INF][detection grpc-server <ThreadPoolExecutor-0_0>] gRPC@detect receive request
[2024-11-08 20:10:37.473 INF][detection grpc-server <ThreadPoolExecutor-0_0>] (detect) request time: 1731067837.473032
[2024-11-08 20:10:37.501 INF][detection grpc-server <ThreadPoolExecutor-0_0>] (detect) using 0.027938127517700195s
[2024-11-08 20:10:37.501 INF][detection grpc-server <ThreadPoolExecutor-0_0>] (detect) result: 0
[2024-11-08 20:10:37.502 INF][detection grpc-server <ThreadPoolExecutor-0_0>] gRPC@detect receive request
[2024-11-08 20:10:37.502 INF][detection grpc-server <ThreadPoolExecutor-0_0>] (detect) request time: 1731067837.5024111
[2024-11-08 20:10:37.532 INF][detection grpc-server <ThreadPoolExecutor-0_0>] (detect) using 0.02993321418762207s
[2024-11-08 20:10:37.532 INF][detection grpc-server <ThreadPoolExecutor-0_0>] (detect) result: 0
[2024-11-08 20:10:37.533 INF][detection grpc-server <ThreadPoolExecutor-0_0>] gRPC@detect receive request
[2024-11-08 20:10:37.533 INF][detection grpc-server <ThreadPoolExecutor-0_0>] (detect) request time: 1731067837.5337868
[2024-11-08 20:10:37.563 INF][detection grpc-server <ThreadPoolExecutor-0_0>] (detect) using 0.029231786727905273s
[2024-11-08 20:10:37.563 INF][detection grpc-server <ThreadPoolExecutor-0_0>] (detect) result: 0
[2024-11-08 20:10:37.564 INF][detection grpc-server <ThreadPoolExecutor-0_0>] gRPC@detect receive request
[2024-11-08 20:10:37.564 INF][detection grpc-server <ThreadPoolExecutor-0_0>] (detect) request time: 1731067837.564356
[2024-11-08 20:10:37.593 INF][detection grpc-server <ThreadPoolExecutor-0_0>] (detect) using 0.028623104095458984s
[2024-11-08 20:10:37.593 INF][detection grpc-server <ThreadPoolExecutor-0_0>] (detect) result: 0
[2024-11-08 20:10:37.594 INF][detection grpc-server <ThreadPoolExecutor-0_0>] gRPC@detect receive request
[2024-11-08 20:10:37.594 INF][detection grpc-server <ThreadPoolExecutor-0_0>] (detect) request time: 1731067837.5944052
[2024-11-08 20:10:37.624 INF][detection grpc-server <ThreadPoolExecutor-0_0>] (detect) using 0.029681921005249023s
[2024-11-08 20:10:37.624 INF][detection grpc-server <ThreadPoolExecutor-0_0>] (detect) result: 0
[2024-11-08 20:10:37.625 INF][detection grpc-server <ThreadPoolExecutor-0_0>] gRPC@detect receive request
[2024-11-08 20:10:37.625 INF][detection grpc-server <ThreadPoolExecutor-0_0>] (detect) request time: 1731067837.6255062
[2024-11-08 20:10:37.653 INF][detection grpc-server <ThreadPoolExecutor-0_0>] (detect) using 0.027559757232666016s
[2024-11-08 20:10:37.653 INF][detection grpc-server <ThreadPoolExecutor-0_0>] (detect) result: 0
[2024-11-08 20:10:37.654 INF][detection grpc-server <ThreadPoolExecutor-0_0>] gRPC@detect receive request
[2024-11-08 20:10:37.654 INF][detection grpc-server <ThreadPoolExecutor-0_0>] (detect) request time: 1731067837.654476
[2024-11-08 20:10:37.684 INF][detection grpc-server <ThreadPoolExecutor-0_0>] (detect) using 0.02973484992980957s
[2024-11-08 20:10:37.684 INF][detection grpc-server <ThreadPoolExecutor-0_0>] (detect) result: 0
[2024-11-08 20:10:37.685 INF][detection grpc-server <ThreadPoolExecutor-0_0>] gRPC@detect receive request
[2024-11-08 20:10:37.685 INF][detection grpc-server <ThreadPoolExecutor-0_0>] (detect) request time: 1731067837.685674
[2024-11-08 20:10:37.715 INF][detection grpc-server <ThreadPoolExecutor-0_0>] (detect) using 0.03025674819946289s
[2024-11-08 20:10:37.716 INF][detection grpc-server <ThreadPoolExecutor-0_0>] (detect) result: 0
[2024-11-08 20:10:50.988 INF][detection grpc-server <ThreadPoolExecutor-0_0>] gRPC@detect receive request
[2024-11-08 20:10:50.988 INF][detection grpc-server <ThreadPoolExecutor-0_0>] (detect) request time: 1731067850.9889832
[2024-11-08 20:10:51.032 INF][detection grpc-server <ThreadPoolExecutor-0_0>] (detect) using 0.04309201240539551s
[2024-11-08 20:10:51.032 INF][detection grpc-server <ThreadPoolExecutor-0_0>] (detect) result: 1
[2024-11-08 20:10:51.040 INF][detection grpc-server <ThreadPoolExecutor-0_0>] gRPC@detect receive request
[2024-11-08 20:10:51.040 INF][detection grpc-server <ThreadPoolExecutor-0_0>] (detect) request time: 1731067851.040464
[2024-11-08 20:10:51.087 INF][detection grpc-server <ThreadPoolExecutor-0_0>] (detect) using 0.04648399353027344s
[2024-11-08 20:10:51.087 INF][detection grpc-server <ThreadPoolExecutor-0_0>] (detect) result: 1
[2024-11-08 20:10:51.108 INF][detection grpc-server <ThreadPoolExecutor-0_0>] gRPC@detect receive request
[2024-11-08 20:10:51.108 INF][detection grpc-server <ThreadPoolExecutor-0_0>] (detect) request time: 1731067851.108138
[2024-11-08 20:10:51.140 INF][detection grpc-server <ThreadPoolExecutor-0_0>] (detect) using 0.03251290321350098s
[2024-11-08 20:10:51.140 INF][detection grpc-server <ThreadPoolExecutor-0_0>] (detect) result: 1
[2024-11-08 20:10:51.142 INF][detection grpc-server <ThreadPoolExecutor-0_0>] gRPC@detect receive request
[2024-11-08 20:10:51.142 INF][detection grpc-server <ThreadPoolExecutor-0_0>] (detect) request time: 1731067851.142178
[2024-11-08 20:10:51.173 INF][detection grpc-server <ThreadPoolExecutor-0_0>] (detect) using 0.031077861785888672s
[2024-11-08 20:10:51.173 INF][detection grpc-server <ThreadPoolExecutor-0_0>] (detect) result: 1
[2024-11-08 20:10:51.200 INF][detection grpc-server <ThreadPoolExecutor-0_0>] gRPC@detect receive request
[2024-11-08 20:10:51.200 INF][detection grpc-server <ThreadPoolExecutor-0_0>] (detect) request time: 1731067851.20031
[2024-11-08 20:10:51.229 INF][detection grpc-server <ThreadPoolExecutor-0_0>] (detect) using 0.029514074325561523s
[2024-11-08 20:10:51.229 INF][detection grpc-server <ThreadPoolExecutor-0_0>] (detect) result: 1
[2024-11-08 20:10:51.231 INF][detection grpc-server <ThreadPoolExecutor-0_0>] gRPC@detect receive request
[2024-11-08 20:10:51.231 INF][detection grpc-server <ThreadPoolExecutor-0_0>] (detect) request time: 1731067851.2312489
[2024-11-08 20:10:51.260 INF][detection grpc-server <ThreadPoolExecutor-0_0>] (detect) using 0.029162883758544922s
[2024-11-08 20:10:51.260 INF][detection grpc-server <ThreadPoolExecutor-0_0>] (detect) result: 1
[2024-11-08 20:10:51.261 INF][detection grpc-server <ThreadPoolExecutor-0_0>] gRPC@detect receive request
[2024-11-08 20:10:51.261 INF][detection grpc-server <ThreadPoolExecutor-0_0>] (detect) request time: 1731067851.261872
[2024-11-08 20:10:51.291 INF][detection grpc-server <ThreadPoolExecutor-0_0>] (detect) using 0.029881000518798828s
[2024-11-08 20:10:51.291 INF][detection grpc-server <ThreadPoolExecutor-0_0>] (detect) result: 1
[2024-11-08 20:10:51.293 INF][detection grpc-server <ThreadPoolExecutor-0_0>] gRPC@detect receive request
[2024-11-08 20:10:51.293 INF][detection grpc-server <ThreadPoolExecutor-0_0>] (detect) request time: 1731067851.2933052
[2024-11-08 20:10:51.325 INF][detection grpc-server <ThreadPoolExecutor-0_0>] (detect) using 0.032036781311035156s
[2024-11-08 20:10:51.325 INF][detection grpc-server <ThreadPoolExecutor-0_0>] (detect) result: 1
[2024-11-08 20:10:51.326 INF][detection grpc-server <ThreadPoolExecutor-0_0>] gRPC@detect receive request
[2024-11-08 20:10:51.326 INF][detection grpc-server <ThreadPoolExecutor-0_0>] (detect) request time: 1731067851.326793
[2024-11-08 20:10:51.356 INF][detection grpc-server <ThreadPoolExecutor-0_0>] (detect) using 0.02924799919128418s
[2024-11-08 20:10:51.356 INF][detection grpc-server <ThreadPoolExecutor-0_0>] (detect) result: 1
[2024-11-08 20:10:51.357 INF][detection grpc-server <ThreadPoolExecutor-0_0>] gRPC@detect receive request
[2024-11-08 20:10:51.360 INF][detection grpc-server <ThreadPoolExecutor-0_0>] (detect) request time: 1731067851.360609
[2024-11-08 20:10:51.388 INF][detection grpc-server <ThreadPoolExecutor-0_0>] (detect) using 0.02824091911315918s
[2024-11-08 20:10:51.388 INF][detection grpc-server <ThreadPoolExecutor-0_0>] (detect) result: 1
[2024-11-08 20:10:51.390 INF][detection grpc-server <ThreadPoolExecutor-0_0>] gRPC@detect receive request
[2024-11-08 20:10:51.390 INF][detection grpc-server <ThreadPoolExecutor-0_0>] (detect) request time: 1731067851.39022
[2024-11-08 20:10:51.418 INF][detection grpc-server <ThreadPoolExecutor-0_0>] (detect) using 0.02844405174255371s
[2024-11-08 20:10:51.418 INF][detection grpc-server <ThreadPoolExecutor-0_0>] (detect) result: 1
[2024-11-08 20:10:51.420 INF][detection grpc-server <ThreadPoolExecutor-0_0>] gRPC@detect receive request
[2024-11-08 20:10:51.420 INF][detection grpc-server <ThreadPoolExecutor-0_0>] (detect) request time: 1731067851.420052
[2024-11-08 20:10:51.448 INF][detection grpc-server <ThreadPoolExecutor-0_0>] (detect) using 0.02797102928161621s
[2024-11-08 20:10:51.448 INF][detection grpc-server <ThreadPoolExecutor-0_0>] (detect) result: 1
[2024-11-08 20:10:51.449 INF][detection grpc-server <ThreadPoolExecutor-0_0>] gRPC@detect receive request
[2024-11-08 20:10:51.449 INF][detection grpc-server <ThreadPoolExecutor-0_0>] (detect) request time: 1731067851.449415
[2024-11-08 20:10:51.479 INF][detection grpc-server <ThreadPoolExecutor-0_0>] (detect) using 0.029959917068481445s
[2024-11-08 20:10:51.479 INF][detection grpc-server <ThreadPoolExecutor-0_0>] (detect) result: 1
[2024-11-08 20:10:51.480 INF][detection grpc-server <ThreadPoolExecutor-0_0>] gRPC@detect receive request
[2024-11-08 20:10:51.480 INF][detection grpc-server <ThreadPoolExecutor-0_0>] (detect) request time: 1731067851.4808881
[2024-11-08 20:10:51.510 INF][detection grpc-server <ThreadPoolExecutor-0_0>] (detect) using 0.02982783317565918s
[2024-11-08 20:10:51.510 INF][detection grpc-server <ThreadPoolExecutor-0_0>] (detect) result: 1
[2024-11-08 20:10:51.512 INF][detection grpc-server <ThreadPoolExecutor-0_0>] gRPC@detect receive request
[2024-11-08 20:10:51.512 INF][detection grpc-server <ThreadPoolExecutor-0_0>] (detect) request time: 1731067851.5121331
[2024-11-08 20:10:51.540 INF][detection grpc-server <ThreadPoolExecutor-0_0>] (detect) using 0.028422832489013672s
[2024-11-08 20:10:51.540 INF][detection grpc-server <ThreadPoolExecutor-0_0>] (detect) result: 1
[2024-11-08 20:11:03.034 INF][__main__ <MainThread>] stop grpc server at 192.168.1.76:7777
[2024-11-08 20:11:03.034 ERR][__main__ <MainThread>] exception raised
Traceback (most recent call last):
  File "/Users/lhb/Documents/pycharmProject/borgwarner/application_detection.py", line 77, in <module>
    main()
  File "/Users/lhb/Documents/pycharmProject/borgwarner/application_detection.py", line 63, in main
    stop_event.wait()  # instead of server.wait_for_termination()
  File "/opt/anaconda3/envs/borgwarner/lib/python3.8/threading.py", line 558, in wait
    signaled = self._cond.wait(timeout)
  File "/opt/anaconda3/envs/borgwarner/lib/python3.8/threading.py", line 302, in wait
    waiter.acquire()
TypeError: signal_handler() takes 1 positional argument but 2 were given
